<?xml version="1.0" encoding="UTF-8"?>
<testng-results total="1" passed="1" failed="0" skipped="0">
  <reporter-output>
  </reporter-output>
  <suite started-at="2022-12-20T07:40:22Z" name="Suite" finished-at="2022-12-20T07:40:23Z" duration-ms="50">
    <groups>
    </groups>
    <test started-at="2022-12-20T07:40:22Z" name="Test" finished-at="2022-12-20T07:40:23Z" duration-ms="50">
      <class name="practiceTest.TestNg1Test">
        <test-method signature="test()[pri:0, instance:practiceTest.TestNg1Test@1b75c2e3]" started-at="2022-12-20T13:10:22Z" name="test" finished-at="2022-12-20T13:10:23Z" duration-ms="24" status="PASS">
          <reporter-output>
          </reporter-output>
        </test-method> <!-- test -->
      </class> <!-- practiceTest.TestNg1Test -->
    </test> <!-- Test -->
  </suite> <!-- Suite -->
</testng-results>
